This is pdfTeX, Version 3.141592653-2.6-1.40.22 (TeX Live 2021) (preloaded format=pdflatex 2021.6.16)  19 JUN 2023 11:14
entering extended mode
 restricted \write18 enabled.
 %&-line parsing enabled.
**ivqreg_design
(./ivqreg_design.tex
LaTeX2e <2021-06-01> patch level 1
L3 programming layer <2021-06-01>
(/usr/local/texlive/2021/texmf-dist/tex/latex/base/article.cls
Document Class: article 2021/02/12 v1.4n Standard LaTeX document class
(/usr/local/texlive/2021/texmf-dist/tex/latex/base/size12.clo
File: size12.clo 2021/02/12 v1.4n Standard LaTeX file (size option)
)
\c@part=\count182
\c@section=\count183
\c@subsection=\count184
\c@subsubsection=\count185
\c@paragraph=\count186
\c@subparagraph=\count187
\c@figure=\count188
\c@table=\count189
\abovecaptionskip=\skip47
\belowcaptionskip=\skip48
\bibindent=\dimen138
) (./preamble.tex (/usr/local/texlive/2021/texmf-dist/tex/latex/base/inputenc.s
ty
Package: inputenc 2021/02/14 v1.3d Input encoding file
\inpenc@prehook=\toks16
\inpenc@posthook=\toks17
)
(/usr/local/texlive/2021/texmf-dist/tex/generic/babel/babel.sty
Package: babel 2021/06/02 3.60 The Babel package

(/usr/local/texlive/2021/texmf-dist/tex/generic/babel/babel.def
File: babel.def 2021/06/02 3.60 Babel common definitions
\babel@savecnt=\count190
\U@D=\dimen139
\l@unhyphenated=\language87

(/usr/local/texlive/2021/texmf-dist/tex/generic/babel/txtbabel.def)
\bbl@readstream=\read2
)
\bbl@dirlevel=\count191

(/usr/local/texlive/2021/texmf-dist/tex/generic/babel-english/english.ldf
Language: english 2017/06/06 v3.3r English support from the babel system
Package babel Info: Hyphen rules for 'canadian' set to \l@english
(babel)             (\language0). Reported on input line 102.
Package babel Info: Hyphen rules for 'australian' set to \l@ukenglish
(babel)             (\language21). Reported on input line 105.
Package babel Info: Hyphen rules for 'newzealand' set to \l@ukenglish
(babel)             (\language21). Reported on input line 108.
))
(/usr/local/texlive/2021/texmf-dist/tex/latex/appendix/appendix.sty
Package: appendix 2020/02/08 v1.2c extra appendix facilities
\c@@pps=\count192
\c@@ppsavesec=\count193
\c@@ppsaveapp=\count194
)
(./sjlatex/stata.sty

LaTeX Warning: You have requested package `sjlatex/stata',
               but the package provides `stata'.

Package: stata 2013/10/23 v1.34 LaTeX package for Stata code
(/usr/local/texlive/2021/texmf-dist/tex/latex/base/alltt.sty
Package: alltt 2021/01/29 v2.0g defines alltt environment
)
(/usr/local/texlive/2021/texmf-dist/tex/latex/tools/calc.sty
Package: calc 2017/05/25 v4.3 Infix arithmetic (KKT,FJ)
\calc@Acount=\count195
\calc@Bcount=\count196
\calc@Adimen=\dimen140
\calc@Bdimen=\dimen141
\calc@Askip=\skip49
\calc@Bskip=\skip50
LaTeX Info: Redefining \setlength on input line 80.
LaTeX Info: Redefining \addtolength on input line 81.
\calc@Ccount=\count197
\calc@Cskip=\skip51
)
(/usr/local/texlive/2021/texmf-dist/tex/latex/base/ifthen.sty
Package: ifthen 2020/11/24 v1.1c Standard LaTeX ifthen package (DPC)
)
\st@box=\box50
\st@box@wd=\dimen142
\st@box@ht=\dimen143
\st@box@dp=\dimen144
\stsyndent=\skip52
\streswidth=\skip53
\st@parindent=\skip54
\stexamplehskip=\skip55
\sttechhskip=\skip56
\st@ttbox@box=\box51
\st@ttbox@framesep=\dimen145
\ttboxIndent=\dimen146
\ttboxWd=\dimen147
\st@ttbox@boxwd=\dimen148
\st@box=\box52
\st@emptywidth=\skip57
\st@linesize=\skip58
\st@maxdepth=\skip59
\st@maxheight=\skip60
\st@mbdepth=\skip61
\st@mtdepth=\skip62
\st@xheight=\skip63
\st@xwidth=\skip64
\st@N=\count198
)
(/usr/local/texlive/2021/texmf-dist/tex/latex/float/float.sty
Package: float 2001/11/08 v1.3d Float enhancements (AL)
\c@float@type=\count199
\float@exts=\toks18
\float@box=\box53
\@float@everytoks=\toks19
\@floatcapt=\box54
)
(/usr/local/texlive/2021/texmf-dist/tex/latex/tocbibind/tocbibind.sty
Package: tocbibind 2010/10/13 v1.5k extra ToC listings
Package tocbibind Info: The document has section divisions on input line 50.


Package tocbibind Note: Using section or other style headings.

) (/usr/local/texlive/2021/texmf-dist/tex/latex/bbm-macros/bbm.sty
Package: bbm 1999/03/15 V 1.2 provides fonts for set symbols - TH
LaTeX Font Info:    Overwriting math alphabet `\mathbbm' in version `bold'
(Font)                  U/bbm/m/n --> U/bbm/bx/n on input line 33.
LaTeX Font Info:    Overwriting math alphabet `\mathbbmss' in version `bold'
(Font)                  U/bbmss/m/n --> U/bbmss/bx/n on input line 35.
)
(/usr/local/texlive/2021/texmf-dist/tex/latex/xifthen/xifthen.sty
Package: xifthen 2015/11/05 v1.4.0 Extended ifthen features

(/usr/local/texlive/2021/texmf-dist/tex/latex/ifmtarg/ifmtarg.sty
Package: ifmtarg 2018/04/16 v1.2b check for an empty argument
))
(/usr/local/texlive/2021/texmf-dist/tex/latex/amsmath/amsmath.sty
Package: amsmath 2021/04/20 v2.17j AMS math features
\@mathmargin=\skip65

For additional information on amsmath, use the `?' option.
(/usr/local/texlive/2021/texmf-dist/tex/latex/amsmath/amstext.sty
Package: amstext 2000/06/29 v2.01 AMS text

(/usr/local/texlive/2021/texmf-dist/tex/latex/amsmath/amsgen.sty
File: amsgen.sty 1999/11/30 v2.0 generic functions
\@emptytoks=\toks20
\ex@=\dimen149
))
(/usr/local/texlive/2021/texmf-dist/tex/latex/amsmath/amsbsy.sty
Package: amsbsy 1999/11/29 v1.2d Bold Symbols
\pmbraise@=\dimen150
)
(/usr/local/texlive/2021/texmf-dist/tex/latex/amsmath/amsopn.sty
Package: amsopn 2016/03/08 v2.02 operator names
)
\inf@bad=\count266
LaTeX Info: Redefining \frac on input line 234.
\uproot@=\count267
\leftroot@=\count268
LaTeX Info: Redefining \overline on input line 399.
\classnum@=\count269
\DOTSCASE@=\count270
LaTeX Info: Redefining \ldots on input line 496.
LaTeX Info: Redefining \dots on input line 499.
LaTeX Info: Redefining \cdots on input line 620.
\Mathstrutbox@=\box55
\strutbox@=\box56
\big@size=\dimen151
LaTeX Font Info:    Redeclaring font encoding OML on input line 743.
LaTeX Font Info:    Redeclaring font encoding OMS on input line 744.
\macc@depth=\count271
\c@MaxMatrixCols=\count272
\dotsspace@=\muskip16
\c@parentequation=\count273
\dspbrk@lvl=\count274
\tag@help=\toks21
\row@=\count275
\column@=\count276
\maxfields@=\count277
\andhelp@=\toks22
\eqnshift@=\dimen152
\alignsep@=\dimen153
\tagshift@=\dimen154
\tagwidth@=\dimen155
\totwidth@=\dimen156
\lineht@=\dimen157
\@envbody=\toks23
\multlinegap=\skip66
\multlinetaggap=\skip67
\mathdisplay@stack=\toks24
LaTeX Info: Redefining \[ on input line 2923.
LaTeX Info: Redefining \] on input line 2924.
)
(/usr/local/texlive/2021/texmf-dist/tex/latex/amsfonts/amsfonts.sty
Package: amsfonts 2013/01/14 v3.01 Basic AMSFonts support
\symAMSa=\mathgroup4
\symAMSb=\mathgroup5
LaTeX Font Info:    Redeclaring math symbol \hbar on input line 98.
LaTeX Font Info:    Overwriting math alphabet `\mathfrak' in version `bold'
(Font)                  U/euf/m/n --> U/euf/b/n on input line 106.
)
(/usr/local/texlive/2021/texmf-dist/tex/latex/natbib/natbib.sty
Package: natbib 2010/09/13 8.31b (PWD, AO)
\bibhang=\skip68
\bibsep=\skip69
LaTeX Info: Redefining \cite on input line 694.
\c@NAT@ctr=\count278
)
(/usr/local/texlive/2021/texmf-dist/tex/latex/amscls/amsthm.sty
Package: amsthm 2020/05/29 v2.20.6
\thm@style=\toks25
\thm@bodyfont=\toks26
\thm@headfont=\toks27
\thm@notefont=\toks28
\thm@headpunct=\toks29
\thm@preskip=\skip70
\thm@postskip=\skip71
\thm@headsep=\skip72
\dth@everypar=\toks30
)
(/usr/local/texlive/2021/texmf-dist/tex/latex/algorithm2e/algorithm2e.sty
Package: algorithm2e 2017/07/18 v5.2 algorithms environments
\c@AlgoLine=\count279
\algocf@hangindent=\skip73

(/usr/local/texlive/2021/texmf-dist/tex/latex/ifoddpage/ifoddpage.sty
Package: ifoddpage 2016/04/23 v1.1 Conditionals for odd/even page detection
\c@checkoddpage=\count280
)
(/usr/local/texlive/2021/texmf-dist/tex/latex/tools/xspace.sty
Package: xspace 2014/10/28 v1.13 Space after command names (DPC,MH)
)
(/usr/local/texlive/2021/texmf-dist/tex/latex/relsize/relsize.sty
Package: relsize 2013/03/29 ver 4.1
)
\skiptotal=\skip74
\skiplinenumber=\skip75
\skiprule=\skip76
\skiphlne=\skip77
\skiptext=\skip78
\skiplength=\skip79
\algomargin=\skip80
\skipalgocfslide=\skip81
\algowidth=\dimen158
\inoutsize=\dimen159
\inoutindent=\dimen160
\interspacetitleruled=\dimen161
\interspacealgoruled=\dimen162
\interspacetitleboxruled=\dimen163
\algocf@ruledwidth=\skip82
\algocf@inoutbox=\box57
\algocf@inputbox=\box58
\AlCapSkip=\skip83
\AlCapHSkip=\skip84
\algoskipindent=\skip85
\algocf@nlbox=\box59
\algocf@hangingbox=\box60
\algocf@untilbox=\box61
\algocf@skipuntil=\skip86
\algocf@capbox=\box62
\algocf@lcaptionbox=\skip87
\algoheightruledefault=\skip88
\algoheightrule=\skip89
\algotitleheightruledefault=\skip90
\algotitleheightrule=\skip91
\c@algocfline=\count281
\c@algocfproc=\count282
\c@algocf=\count283
\algocf@algoframe=\box63
\algocf@algobox=\box64
)
(/usr/local/texlive/2021/texmf-dist/tex/latex/graphics/graphicx.sty
Package: graphicx 2020/12/05 v1.2c Enhanced LaTeX Graphics (DPC,SPQR)

(/usr/local/texlive/2021/texmf-dist/tex/latex/graphics/keyval.sty
Package: keyval 2014/10/28 v1.15 key=value parser (DPC)
\KV@toks@=\toks31
)
(/usr/local/texlive/2021/texmf-dist/tex/latex/graphics/graphics.sty
Package: graphics 2021/03/04 v1.4d Standard LaTeX Graphics (DPC,SPQR)

(/usr/local/texlive/2021/texmf-dist/tex/latex/graphics/trig.sty
Package: trig 2016/01/03 v1.10 sin cos tan (DPC)
)
(/usr/local/texlive/2021/texmf-dist/tex/latex/graphics-cfg/graphics.cfg
File: graphics.cfg 2016/06/04 v1.11 sample graphics configuration
)
Package graphics Info: Driver file: pdftex.def on input line 107.

(/usr/local/texlive/2021/texmf-dist/tex/latex/graphics-def/pdftex.def
File: pdftex.def 2020/10/05 v1.2a Graphics/color driver for pdftex
))
\Gin@req@height=\dimen164
\Gin@req@width=\dimen165
)
(/usr/local/texlive/2021/texmf-dist/tex/latex/epstopdf-pkg/epstopdf.sty
Package: epstopdf 2020-01-24 v2.11 Conversion with epstopdf on the fly (HO)

(/usr/local/texlive/2021/texmf-dist/tex/generic/infwarerr/infwarerr.sty
Package: infwarerr 2019/12/03 v1.5 Providing info/warning/error messages (HO)
)
(/usr/local/texlive/2021/texmf-dist/tex/latex/grfext/grfext.sty
Package: grfext 2019/12/03 v1.3 Manage graphics extensions (HO)

(/usr/local/texlive/2021/texmf-dist/tex/generic/kvdefinekeys/kvdefinekeys.sty
Package: kvdefinekeys 2019-12-19 v1.6 Define keys (HO)
)) (/usr/local/texlive/2021/texmf-dist/tex/latex/kvoptions/kvoptions.sty
Package: kvoptions 2020-10-07 v3.14 Key value format for package options (HO)

(/usr/local/texlive/2021/texmf-dist/tex/generic/ltxcmds/ltxcmds.sty
Package: ltxcmds 2020-05-10 v1.25 LaTeX kernel commands for general use (HO)
)
(/usr/local/texlive/2021/texmf-dist/tex/generic/kvsetkeys/kvsetkeys.sty
Package: kvsetkeys 2019/12/15 v1.18 Key value parser (HO)
))
(/usr/local/texlive/2021/texmf-dist/tex/generic/pdftexcmds/pdftexcmds.sty
Package: pdftexcmds 2020-06-27 v0.33 Utility functions of pdfTeX for LuaTeX (HO
)

(/usr/local/texlive/2021/texmf-dist/tex/generic/iftex/iftex.sty
Package: iftex 2020/03/06 v1.0d TeX engine tests
)
Package pdftexcmds Info: \pdf@primitive is available.
Package pdftexcmds Info: \pdf@ifprimitive is available.
Package pdftexcmds Info: \pdfdraftmode found.
)
(/usr/local/texlive/2021/texmf-dist/tex/latex/epstopdf-pkg/epstopdf-base.sty
Package: epstopdf-base 2020-01-24 v2.11 Base part for package epstopdf
Package epstopdf-base Info: Redefining graphics rule for `.eps' on input line 4
85.
Package grfext Info: Graphics extension search list:
(grfext)             [.pdf,.png,.jpg,.mps,.jpeg,.jbig2,.jb2,.PDF,.PNG,.JPG,.JPE
G,.JBIG2,.JB2,.eps]
(grfext)             \AppendGraphicsExtensions on input line 504.

(/usr/local/texlive/2021/texmf-dist/tex/latex/latexconfig/epstopdf-sys.cfg
File: epstopdf-sys.cfg 2010/07/13 v1.3 Configuration of (r)epstopdf for TeX Liv
e
)))
(/usr/local/texlive/2021/texmf-dist/tex/latex/geometry/geometry.sty
Package: geometry 2020/01/02 v5.9 Page Geometry

(/usr/local/texlive/2021/texmf-dist/tex/generic/iftex/ifvtex.sty
Package: ifvtex 2019/10/25 v1.7 ifvtex legacy package. Use iftex instead.
)
\Gm@cnth=\count284
\Gm@cntv=\count285
\c@Gm@tempcnt=\count286
\Gm@bindingoffset=\dimen166
\Gm@wd@mp=\dimen167
\Gm@odd@mp=\dimen168
\Gm@even@mp=\dimen169
\Gm@layoutwidth=\dimen170
\Gm@layoutheight=\dimen171
\Gm@layouthoffset=\dimen172
\Gm@layoutvoffset=\dimen173
\Gm@dimlist=\toks32
)
(/usr/local/texlive/2021/texmf-dist/tex/latex/hyperref/hyperref.sty
Package: hyperref 2021-06-07 v7.00m Hypertext links for LaTeX

(/usr/local/texlive/2021/texmf-dist/tex/generic/pdfescape/pdfescape.sty
Package: pdfescape 2019/12/09 v1.15 Implements pdfTeX's escape features (HO)
)
(/usr/local/texlive/2021/texmf-dist/tex/latex/hycolor/hycolor.sty
Package: hycolor 2020-01-27 v1.10 Color options for hyperref/bookmark (HO)
)
(/usr/local/texlive/2021/texmf-dist/tex/latex/letltxmacro/letltxmacro.sty
Package: letltxmacro 2019/12/03 v1.6 Let assignment for LaTeX macros (HO)
)
(/usr/local/texlive/2021/texmf-dist/tex/latex/auxhook/auxhook.sty
Package: auxhook 2019-12-17 v1.6 Hooks for auxiliary files (HO)
)
\@linkdim=\dimen174
\Hy@linkcounter=\count287
\Hy@pagecounter=\count288

(/usr/local/texlive/2021/texmf-dist/tex/latex/hyperref/pd1enc.def
File: pd1enc.def 2021-06-07 v7.00m Hyperref: PDFDocEncoding definition (HO)
Now handling font encoding PD1 ...
... no UTF-8 mapping file for font encoding PD1
)
(/usr/local/texlive/2021/texmf-dist/tex/latex/hyperref/hyperref-langpatches.def
File: hyperref-langpatches.def 2021-06-07 v7.00m Hyperref: patches for babel la
nguages
) (/usr/local/texlive/2021/texmf-dist/tex/generic/intcalc/intcalc.sty
Package: intcalc 2019/12/15 v1.3 Expandable calculations with integers (HO)
)
(/usr/local/texlive/2021/texmf-dist/tex/generic/etexcmds/etexcmds.sty
Package: etexcmds 2019/12/15 v1.7 Avoid name clashes with e-TeX commands (HO)
)
\Hy@SavedSpaceFactor=\count289

(/usr/local/texlive/2021/texmf-dist/tex/latex/hyperref/puenc.def
File: puenc.def 2021-06-07 v7.00m Hyperref: PDF Unicode definition (HO)
Now handling font encoding PU ...
... no UTF-8 mapping file for font encoding PU
)
Package hyperref Info: Hyper figures OFF on input line 4192.
Package hyperref Info: Link nesting OFF on input line 4197.
Package hyperref Info: Hyper index ON on input line 4200.
Package hyperref Info: Plain pages OFF on input line 4207.
Package hyperref Info: Backreferencing OFF on input line 4212.
Package hyperref Info: Implicit mode ON; LaTeX internals redefined.
Package hyperref Info: Bookmarks ON on input line 4445.
\c@Hy@tempcnt=\count290

(/usr/local/texlive/2021/texmf-dist/tex/latex/url/url.sty
\Urlmuskip=\muskip17
Package: url 2013/09/16  ver 3.4  Verb mode for urls, etc.
)
LaTeX Info: Redefining \url on input line 4804.
\XeTeXLinkMargin=\dimen175

(/usr/local/texlive/2021/texmf-dist/tex/generic/bitset/bitset.sty
Package: bitset 2019/12/09 v1.3 Handle bit-vector datatype (HO)

(/usr/local/texlive/2021/texmf-dist/tex/generic/bigintcalc/bigintcalc.sty
Package: bigintcalc 2019/12/15 v1.5 Expandable calculations on big integers (HO
)
))
\Fld@menulength=\count291
\Field@Width=\dimen176
\Fld@charsize=\dimen177
Package hyperref Info: Hyper figures OFF on input line 6076.
Package hyperref Info: Link nesting OFF on input line 6081.
Package hyperref Info: Hyper index ON on input line 6084.
Package hyperref Info: backreferencing OFF on input line 6091.
Package hyperref Info: Link coloring OFF on input line 6096.
Package hyperref Info: Link coloring with OCG OFF on input line 6101.
Package hyperref Info: PDF/A mode OFF on input line 6106.
LaTeX Info: Redefining \ref on input line 6146.
LaTeX Info: Redefining \pageref on input line 6150.

(/usr/local/texlive/2021/texmf-dist/tex/latex/base/atbegshi-ltx.sty
Package: atbegshi-ltx 2021/01/10 v1.0c Emulation of the original atbegshi
package with kernel methods
)
\Hy@abspage=\count292
\c@Item=\count293
\c@Hfootnote=\count294
)
Package hyperref Info: Driver (autodetected): hpdftex.

(/usr/local/texlive/2021/texmf-dist/tex/latex/hyperref/hpdftex.def
File: hpdftex.def 2021-06-07 v7.00m Hyperref driver for pdfTeX

(/usr/local/texlive/2021/texmf-dist/tex/latex/base/atveryend-ltx.sty
Package: atveryend-ltx 2020/08/19 v1.0a Emulation of the original atvery packag
e
with kernel methods
)
\Fld@listcount=\count295
\c@bookmark@seq@number=\count296

(/usr/local/texlive/2021/texmf-dist/tex/latex/rerunfilecheck/rerunfilecheck.sty
Package: rerunfilecheck 2019/12/05 v1.9 Rerun checks for auxiliary files (HO)

(/usr/local/texlive/2021/texmf-dist/tex/generic/uniquecounter/uniquecounter.sty
Package: uniquecounter 2019/12/15 v1.4 Provide unlimited unique counter (HO)
)
Package uniquecounter Info: New unique counter `rerunfilecheck' on input line 2
86.
)
\Hy@SectionHShift=\skip92
)
Package hyperref Info: Option `colorlinks' set `true' on input line 38.
 (/usr/local/texlive/2021/texmf-dist/tex/latex/setspace/setspace.sty
Package: setspace 2011/12/19 v6.7a set line spacing
)
(/usr/local/texlive/2021/texmf-dist/tex/latex/enumitem/enumitem.sty
Package: enumitem 2019/06/20 v3.9 Customized lists
\labelindent=\skip93
\enit@outerparindent=\dimen178
\enit@toks=\toks33
\enit@inbox=\box65
\enit@count@id=\count297
\enitdp@description=\count298
)
\c@defi=\count299
\c@lemma=\count300
\c@assumption=\count301
\c@theorem=\count302
\c@remark=\count303
\c@prop=\count304
)
(/usr/local/texlive/2021/texmf-dist/tex/latex/l3backend/l3backend-pdftex.def
File: l3backend-pdftex.def 2021-05-07 L3 backend support: PDF output (pdfTeX)
\l__color_backend_stack_int=\count305
\l__pdf_internal_box=\box66
)
(./ivqreg_design.aux

LaTeX Warning: Label `fig:dualci' multiply defined.


LaTeX Warning: Label `fig:dualci' multiply defined.


LaTeX Warning: Label `fig:dualci' multiply defined.

)
\openout1 = `ivqreg_design.aux'.

LaTeX Font Info:    Checking defaults for OML/cmm/m/it on input line 15.
LaTeX Font Info:    ... okay on input line 15.
LaTeX Font Info:    Checking defaults for OMS/cmsy/m/n on input line 15.
LaTeX Font Info:    ... okay on input line 15.
LaTeX Font Info:    Checking defaults for OT1/cmr/m/n on input line 15.
LaTeX Font Info:    ... okay on input line 15.
LaTeX Font Info:    Checking defaults for T1/cmr/m/n on input line 15.
LaTeX Font Info:    ... okay on input line 15.
LaTeX Font Info:    Checking defaults for TS1/cmr/m/n on input line 15.
LaTeX Font Info:    ... okay on input line 15.
LaTeX Font Info:    Checking defaults for OMX/cmex/m/n on input line 15.
LaTeX Font Info:    ... okay on input line 15.
LaTeX Font Info:    Checking defaults for U/cmr/m/n on input line 15.
LaTeX Font Info:    ... okay on input line 15.
LaTeX Font Info:    Checking defaults for PD1/pdf/m/n on input line 15.
LaTeX Font Info:    ... okay on input line 15.
LaTeX Font Info:    Checking defaults for PU/pdf/m/n on input line 15.
LaTeX Font Info:    ... okay on input line 15.
 (/usr/local/texlive/2021/texmf-dist/tex/context/base/mkii/supp-pdf.mkii
[Loading MPS to PDF converter (version 2006.09.02).]
\scratchcounter=\count306
\scratchdimen=\dimen179
\scratchbox=\box67
\nofMPsegments=\count307
\nofMParguments=\count308
\everyMPshowfont=\toks34
\MPscratchCnt=\count309
\MPscratchDim=\dimen180
\MPnumerator=\count310
\makeMPintoPDFobject=\count311
\everyMPtoPDFconversion=\toks35
)
*geometry* driver: auto-detecting
*geometry* detected driver: pdftex
*geometry* verbose mode - [ preamble ] result:
* driver: pdftex
* paper: <default>
* layout: <same size as paper>
* layoutoffset:(h,v)=(0.0pt,0.0pt)
* modes: 
* h-part:(L,W,R)=(42.67912pt, 479.47069pt, 92.14519pt)
* v-part:(T,H,B)=(42.67912pt, 656.8935pt, 95.39737pt)
* \paperwidth=614.295pt
* \paperheight=794.96999pt
* \textwidth=479.47069pt
* \textheight=656.8935pt
* \oddsidemargin=-29.59087pt
* \evensidemargin=-29.59087pt
* \topmargin=-68.59087pt
* \headheight=14.0pt
* \headsep=25.0pt
* \topskip=12.0pt
* \footskip=10.0pt
* \marginparwidth=44.0pt
* \marginparsep=10.0pt
* \columnsep=10.0pt
* \skip\footins=10.8pt plus 4.0pt minus 2.0pt
* \hoffset=0.0pt
* \voffset=0.0pt
* \mag=1000
* \@twocolumnfalse
* \@twosidefalse
* \@mparswitchfalse
* \@reversemarginfalse
* (1in=72.27pt=25.4mm, 1cm=28.453pt)

(/usr/local/texlive/2021/texmf-dist/tex/latex/graphics/color.sty
Package: color 2020/02/24 v1.2b Standard LaTeX Color (DPC)

(/usr/local/texlive/2021/texmf-dist/tex/latex/graphics-cfg/color.cfg
File: color.cfg 2016/01/02 v1.6 sample color configuration
)
Package color Info: Driver file: pdftex.def on input line 149.
)
Package hyperref Info: Link coloring ON on input line 15.

(/usr/local/texlive/2021/texmf-dist/tex/latex/hyperref/nameref.sty
Package: nameref 2021-04-02 v2.47 Cross-referencing by name of section

(/usr/local/texlive/2021/texmf-dist/tex/latex/refcount/refcount.sty
Package: refcount 2019/12/15 v3.6 Data extraction from label references (HO)
)
(/usr/local/texlive/2021/texmf-dist/tex/generic/gettitlestring/gettitlestring.s
ty
Package: gettitlestring 2019/12/15 v1.6 Cleanup title references (HO)
)
\c@section@level=\count312
)
LaTeX Info: Redefining \ref on input line 15.
LaTeX Info: Redefining \pageref on input line 15.
LaTeX Info: Redefining \nameref on input line 15.
 (./ivqreg_design.out) (./ivqreg_design.out)
\@outlinefile=\write3
\openout3 = `ivqreg_design.out'.

LaTeX Font Info:    Trying to load font information for U+msa on input line 18.


(/usr/local/texlive/2021/texmf-dist/tex/latex/amsfonts/umsa.fd
File: umsa.fd 2013/01/14 v3.01 AMS symbols A
)
LaTeX Font Info:    Trying to load font information for U+msb on input line 18.


(/usr/local/texlive/2021/texmf-dist/tex/latex/amsfonts/umsb.fd
File: umsb.fd 2013/01/14 v3.01 AMS symbols B
) (./abstract.tex) [1

{/usr/local/texlive/2021/texmf-var/fonts/map/pdftex/updmap/pdftex.map}]
(./ivqreg_design.toc [2

])
\tf@toc=\write4
\openout4 = `ivqreg_design.toc'.

 [3] (./intro.tex [4

]) (./model.tex [5] [6]
LaTeX Font Info:    Trying to load font information for U+bbm on input line 98.


(/usr/local/texlive/2021/texmf-dist/tex/latex/bbm-macros/ubbm.fd
File: ubbm.fd 1999/03/15 V 1.2 Font definition for bbm font - TH
) [7])
(./rev.tex [8]
Package epstopdf Info: Source file: <eps/ivqreg_obj.eps>
(epstopdf)                    date: 2022-03-31 09:53:24
(epstopdf)                    size: 17843 bytes
(epstopdf)             Output file: <eps/ivqreg_obj-eps-converted-to.pdf>
(epstopdf)                    date: 2022-03-31 10:08:40
(epstopdf)                    size: 7492 bytes
(epstopdf)             Command: <repstopdf --outfile=eps/ivqreg_obj-eps-convert
ed-to.pdf eps/ivqreg_obj.eps>
(epstopdf)             \includegraphics on input line 46.
Package epstopdf Info: Output file is already uptodate.
<eps/ivqreg_obj-eps-converted-to.pdf, id=361, 397.485pt x 289.08pt>
File: eps/ivqreg_obj-eps-converted-to.pdf Graphic file (type pdf)
<use eps/ivqreg_obj-eps-converted-to.pdf>
Package pdftex.def Info: eps/ivqreg_obj-eps-converted-to.pdf  used on input lin
e 46.
(pdftex.def)             Requested size: 317.98842pt x 231.2643pt.
 [9] [10 <./eps/ivqreg_obj-eps-converted-to.pdf>] [11])
(./iqr_method.tex (./iqr_algo.tex)
Overfull \hbox (17.62482pt too wide) detected at line 38
[][] 
 []

[12] [13] [14]
Overfull \hbox (0.81702pt too wide) detected at line 183
\OML/cmm/m/it/12 CR[]\OT1/cmr/m/n/12 [[](\OML/cmm/m/it/12 ^^\\OT1/cmr/m/n/12 )]
 = \OMS/cmsy/m/n/12 f[] 2 \OML/cmm/m/it/12 A \OT1/cmr/m/n/12 : \OML/cmm/m/it/12
 W[]\OT1/cmr/m/n/12 ([]) \OML/cmm/m/it/12 < c[]\OMS/cmsy/m/n/12 g[]
 []

[15] (./iqr_algo.tex)
Overfull \hbox (17.62482pt too wide) detected at line 210
[][] 
 []

[16]
Package epstopdf Info: Source file: <eps/dualci.eps>
(epstopdf)                    date: 2022-03-31 09:53:24
(epstopdf)                    size: 15173 bytes
(epstopdf)             Output file: <eps/dualci-eps-converted-to.pdf>
(epstopdf)                    date: 2022-03-31 10:08:40
(epstopdf)                    size: 7515 bytes
(epstopdf)             Command: <repstopdf --outfile=eps/dualci-eps-converted-t
o.pdf eps/dualci.eps>
(epstopdf)             \includegraphics on input line 235.
Package epstopdf Info: Output file is already uptodate.
<eps/dualci-eps-converted-to.pdf, id=533, 397.485pt x 289.08pt>
File: eps/dualci-eps-converted-to.pdf Graphic file (type pdf)
<use eps/dualci-eps-converted-to.pdf>
Package pdftex.def Info: eps/dualci-eps-converted-to.pdf  used on input line 23
5.
(pdftex.def)             Requested size: 317.98842pt x 231.2643pt.
 [17 <./eps/dualci-eps-converted-to.pdf>] (./logs/log_wald1.log.tex)
(./logs/log_wald2.log.tex)
<eps/waldplot.png, id=550, 1291.82625pt x 939.51pt>
File: eps/waldplot.png Graphic file (type png)
<use eps/waldplot.png>
Package pdftex.def Info: eps/waldplot.png  used on input line 275.
(pdftex.def)             Requested size: 387.55087pt x 281.85518pt.
 [18] (./logs/log_wald3.log.tex) [19 <./eps/waldplot.png (PNG copy)>] (./logs/l
og_wald4.log.tex [20])
<eps/waldplot_asset.png, id=569, 1291.82625pt x 939.51pt>
File: eps/waldplot_asset.png Graphic file (type png)
<use eps/waldplot_asset.png>
Package pdftex.def Info: eps/waldplot_asset.png  used on input line 328.
(pdftex.def)             Requested size: 387.55087pt x 281.85518pt.
 (./logs/log_wald5.log.tex
[21 <./eps/waldplot_asset.png (PNG copy)>])
<eps/waldplot_asset2.png, id=575, 1291.82625pt x 939.51pt>
File: eps/waldplot_asset2.png Graphic file (type png)
<use eps/waldplot_asset2.png>
Package pdftex.def Info: eps/waldplot_asset2.png  used on input line 342.
(pdftex.def)             Requested size: 387.55087pt x 281.85518pt.
 [22 <./eps/waldplot_asset2.png (PNG copy)>]) (./see_method.tex
Package epstopdf Info: Source file: <eps/i_sgmm.eps>
(epstopdf)                    date: 2022-03-31 09:54:22
(epstopdf)                    size: 111464 bytes
(epstopdf)             Output file: <eps/i_sgmm-eps-converted-to.pdf>
(epstopdf)                    date: 2022-03-31 10:08:40
(epstopdf)                    size: 28044 bytes
(epstopdf)             Command: <repstopdf --outfile=eps/i_sgmm-eps-converted-t
o.pdf eps/i_sgmm.eps>
(epstopdf)             \includegraphics on input line 31.
Package epstopdf Info: Output file is already uptodate.
<eps/i_sgmm-eps-converted-to.pdf, id=582, 397.485pt x 289.08pt>
File: eps/i_sgmm-eps-converted-to.pdf Graphic file (type pdf)
<use eps/i_sgmm-eps-converted-to.pdf>
Package pdftex.def Info: eps/i_sgmm-eps-converted-to.pdf  used on input line 31
.
(pdftex.def)             Requested size: 317.98842pt x 231.2643pt.
 [23 <./eps/i_sgmm-eps-converted-to.pdf>] [24]
[25]) (./infer.tex [26] [27] [28] [29] [30] [31]) [32] (./ivqreg_syntax.tex
Overfull \hbox (41.7445pt too wide) in paragraph at lines 15--21
[][] 
 []


Overfull \hbox (79.07568pt too wide) in paragraph at lines 28--33
[][] 
 []

[33

] [34]
Overfull \hbox (41.86871pt too wide) in paragraph at lines 173--195
[][] 
 []

[35] [36]
LaTeX Font Info:    Trying to load font information for OMS+cmr on input line 2
83.
 (/usr/local/texlive/2021/texmf-dist/tex/latex/base/omscmr.fd
File: omscmr.fd 2019/12/16 v2.5j Standard LaTeX font definitions
)
LaTeX Font Info:    Font shape `OMS/cmr/m/n' in size <12> not available
(Font)              Font shape `OMS/cmsy/m/n' tried instead on input line 283.

[37]
Overfull \hbox (82.6569pt too wide) in paragraph at lines 322--336
[][] 
 []


Overfull \hbox (42.72101pt too wide) in paragraph at lines 349--377
[][] 
 []

[38

]
Overfull \hbox (36.03789pt too wide) in paragraph at lines 403--430
[][] 
 []


Overfull \hbox (21.0984pt too wide) in paragraph at lines 433--438
\OT1/cmr/m/n/12 where \OT1/cmr/m/it/12 marker[]options \OT1/cmr/m/n/12 and \OT1
/cmr/m/it/12 con-nect[]options \OT1/cmr/m/n/12 are de-fined in \OT1/cmtt/m/n/12
 scatter\OT1/cmr/m/n/12 ; \OT1/cmr/m/it/12 area[]options \OT1/cmr/m/n/12 and \O
T1/cmr/m/it/12 twoway[]options
 []

[39

] [40

]
Overfull \hbox (21.14781pt too wide) in paragraph at lines 557--562
\OT1/cmtt/m/n/12 estat dualci \OT1/cmr/m/n/12 com-putes the dual con-fi-dence i
n-ter-val for the en-doge-nous vari-ables af-ter \OT1/cmtt/m/n/12 ivqregress
 []


Overfull \hbox (0.5957pt too wide) in paragraph at lines 557--562
\OT1/cmtt/m/n/12 iqr\OT1/cmr/m/n/12 . \OT1/cmtt/m/n/12 estat dualci \OT1/cmr/m/
n/12 im-ple-ments the dual con-fi-dence in-ter-val method pro-posed in [][]Cher
-nozhukov
 []

[41

]
Overfull \hbox (39.96361pt too wide) in paragraph at lines 569--585
\OT1/cmr/m/it/12 display[]options\OT1/cmr/m/n/12 : \OT1/cmtt/m/n/12 noci\OT1/cm
r/m/n/12 , \OT1/cmtt/m/n/12 nopvalues\OT1/cmr/m/n/12 , \OT1/cmtt/m/n/12 noomitt
ed\OT1/cmr/m/n/12 , \OT1/cmtt/m/n/12 vsquish\OT1/cmr/m/n/12 , \OT1/cmtt/m/n/12 
noemptycells\OT1/cmr/m/n/12 , \OT1/cmtt/m/n/12 baselevels\OT1/cmr/m/n/12 , \OT1
/cmtt/m/n/12 allbaselevels\OT1/cmr/m/n/12 ,
 []


Overfull \hbox (11.15625pt too wide) in paragraph at lines 636--638
[]\OT1/cmr/m/n/12 If you do not spec-ify \OT1/cmtt/m/n/12 equation()\OT1/cmr/m/
n/12 , re-sults are the same as if you had spec-i-fied \OT1/cmtt/m/n/12 equatio
n(#1)\OT1/cmr/m/n/12 . 
 []

[42]) [43] (./examples.tex [44

] (./logs/ex1_a.log.tex) (./logs/ex1_b.log.tex
[45]) (./logs/ex1_c.log.tex [46]) (./logs/ex1_d.log.tex) [47]
(./logs/ex2_a.log.tex) [48] (./logs/ex2_b.log.tex) (./logs/ex2_c.log.tex
[49]) (./logs/ex3_a.log.tex [50] [51] [52] [53]) (./logs/ex3_b.log.tex)
<eps/ex3_coefplot1.png, id=817, 1291.82625pt x 939.51pt>
File: eps/ex3_coefplot1.png Graphic file (type png)
<use eps/ex3_coefplot1.png>
Package pdftex.def Info: eps/ex3_coefplot1.png  used on input line 263.
(pdftex.def)             Requested size: 322.95576pt x 234.87692pt.

[54] [55 <./eps/ex3_coefplot1.png (PNG copy)>] (./logs/ex3_c.log.tex)
(./logs/ex3_d.log.tex [56

] [57] [58] [59]) [60] (./logs/ex4_a.log.tex)
<eps/ex4_waldplot1.png, id=849, 1291.82625pt x 939.51pt>
File: eps/ex4_waldplot1.png Graphic file (type png)
<use eps/ex4_waldplot1.png>
Package pdftex.def Info: eps/ex4_waldplot1.png  used on input line 365.
(pdftex.def)             Requested size: 322.95576pt x 234.87692pt.

(./logs/ex4_b.log.tex [61 <./eps/ex4_waldplot1.png (PNG copy)>]
LaTeX Font Info:    Font shape `OT1/cmtt/bx/n' in size <8> not available
(Font)              Font shape `OT1/cmtt/m/n' tried instead on input line 9.
)
(./logs/ex4_c.log.tex)
<eps/ex4_waldplot2.png, id=856, 1291.82625pt x 939.51pt>
File: eps/ex4_waldplot2.png Graphic file (type png)
<use eps/ex4_waldplot2.png>
Package pdftex.def Info: eps/ex4_waldplot2.png  used on input line 398.
(pdftex.def)             Requested size: 322.95576pt x 234.87692pt.
 (./logs/ex4_d.log.tex [62 <./eps/ex4_waldplot2.png (PNG copy)>]) (./logs/ex4_e
.log.tex)
<eps/ex4_waldplot3.png, id=861, 1291.82625pt x 939.51pt>
File: eps/ex4_waldplot3.png Graphic file (type png)
<use eps/ex4_waldplot3.png>
Package pdftex.def Info: eps/ex4_waldplot3.png  used on input line 420.
(pdftex.def)             Requested size: 322.95576pt x 234.87692pt.
) [63 <./eps/ex4_waldplot3.png (PNG copy)>]
(./proof_th_moment.tex
Overfull \hbox (34.53726pt too wide) detected at line 19
[]
 []

[64

]) (./discuss_th_iqrvar.tex [65]) (./dec_method.tex [66]

LaTeX Warning: Reference `eq:moment_linear' on page 67 undefined on input line 
70.


LaTeX Warning: Reference `eq:moment_linear' on page 67 undefined on input line 
77.


Overfull \hbox (17.62482pt too wide) detected at line 119
[][] 
 []

[67]
Overfull \hbox (17.62482pt too wide) detected at line 154
[][] 
 []

[68]

LaTeX Warning: Reference `eq:moment_linear' on page 69 undefined on input line 
169.

) [69] [70] (./ivqreg_design.bbl [71

]) [72] (./ivqreg_design.aux)

LaTeX Warning: There were undefined references.


LaTeX Warning: There were multiply-defined labels.

Package rerunfilecheck Info: File `ivqreg_design.out' has not changed.
(rerunfilecheck)             Checksum: ACE51BAE3B1B20554FF4D9298C87CABC;8762.
 ) 
Here is how much of TeX's memory you used:
 13304 strings out of 478512
 197264 string characters out of 5849619
 561428 words of memory out of 5000000
 30627 multiletter control sequences out of 15000+600000
 420221 words of font info for 92 fonts, out of 8000000 for 9000
 1141 hyphenation exceptions out of 8191
 65i,19n,69p,401b,649s stack positions out of 5000i,500n,10000p,200000b,80000s
 </home/dil/.texlive2021/texmf-var/fonts/pk/ljfour/public/bbm/bbm12.600pk>{/u
sr/local/texlive/2021/texmf-dist/fonts/enc/dvips/cm-super/cm-super-ts1.enc}</us
r/local/texlive/2021/texmf-dist/fonts/type1/public/amsfonts/cm/cmbx10.pfb></usr
/local/texlive/2021/texmf-dist/fonts/type1/public/amsfonts/cm/cmbx12.pfb></usr/
local/texlive/2021/texmf-dist/fonts/type1/public/amsfonts/cm/cmbx6.pfb></usr/lo
cal/texlive/2021/texmf-dist/fonts/type1/public/amsfonts/cm/cmbx8.pfb></usr/loca
l/texlive/2021/texmf-dist/fonts/type1/public/amsfonts/cm/cmex10.pfb></usr/local
/texlive/2021/texmf-dist/fonts/type1/public/amsfonts/cm/cmmi12.pfb></usr/local/
texlive/2021/texmf-dist/fonts/type1/public/amsfonts/cm/cmmi6.pfb></usr/local/te
xlive/2021/texmf-dist/fonts/type1/public/amsfonts/cm/cmmi8.pfb></usr/local/texl
ive/2021/texmf-dist/fonts/type1/public/amsfonts/cm/cmmib10.pfb></usr/local/texl
ive/2021/texmf-dist/fonts/type1/public/amsfonts/cmextra/cmmib8.pfb></usr/local/
texlive/2021/texmf-dist/fonts/type1/public/amsfonts/cm/cmr10.pfb></usr/local/te
xlive/2021/texmf-dist/fonts/type1/public/amsfonts/cm/cmr12.pfb></usr/local/texl
ive/2021/texmf-dist/fonts/type1/public/amsfonts/cm/cmr17.pfb></usr/local/texliv
e/2021/texmf-dist/fonts/type1/public/amsfonts/cm/cmr6.pfb></usr/local/texlive/2
021/texmf-dist/fonts/type1/public/amsfonts/cm/cmr8.pfb></usr/local/texlive/2021
/texmf-dist/fonts/type1/public/amsfonts/cm/cmsy10.pfb></usr/local/texlive/2021/
texmf-dist/fonts/type1/public/amsfonts/cm/cmsy6.pfb></usr/local/texlive/2021/te
xmf-dist/fonts/type1/public/amsfonts/cm/cmsy8.pfb></usr/local/texlive/2021/texm
f-dist/fonts/type1/public/amsfonts/cm/cmti12.pfb></usr/local/texlive/2021/texmf
-dist/fonts/type1/public/amsfonts/cm/cmtt10.pfb></usr/local/texlive/2021/texmf-
dist/fonts/type1/public/amsfonts/cm/cmtt12.pfb></usr/local/texlive/2021/texmf-d
ist/fonts/type1/public/amsfonts/cm/cmtt8.pfb></usr/local/texlive/2021/texmf-dis
t/fonts/type1/public/amsfonts/symbols/msbm10.pfb></usr/local/texlive/2021/texmf
-dist/fonts/type1/public/cm-super/sfrm1200.pfb>
Output written on ivqreg_design.pdf (72 pages, 1112672 bytes).
PDF statistics:
 1124 PDF objects out of 1200 (max. 8388607)
 975 compressed objects within 10 object streams
 275 named destinations out of 1000 (max. 500000)
 419 words of extra memory for PDF output out of 10000 (max. 10000000)

